This is pdfTeX, Version 3.14159265-2.6-1.40.20 (TeX Live 2019/Arch Linux) (preloaded format=pdflatex 2019.9.24)  6 NOV 2019 15:35
entering extended mode
 \write18 enabled.
 %&-line parsing enabled.
**minimal.tex
(./minimal.tex
LaTeX2e <2018-12-01>
(/usr/share/texmf-dist/tex/latex/koma-script/scrlttr2.cls
Document Class: scrlttr2 2019/02/01 v3.26b KOMA-Script document class (letter)
(/usr/share/texmf-dist/tex/latex/koma-script/scrkbase.sty
Package: scrkbase 2019/02/01 v3.26b KOMA-Script package (KOMA-Script-dependent 
basics and keyval usage)

(/usr/share/texmf-dist/tex/latex/koma-script/scrbase.sty
Package: scrbase 2019/02/01 v3.26b KOMA-Script package (KOMA-Script-independent
 basics and keyval usage)

(/usr/share/texmf-dist/tex/latex/graphics/keyval.sty
Package: keyval 2014/10/28 v1.15 key=value parser (DPC)
\KV@toks@=\toks14
)
(/usr/share/texmf-dist/tex/latex/koma-script/scrlfile.sty
Package: scrlfile 2019/02/01 v3.26b KOMA-Script package (loading files)
)))
Class scrlttr2 Info: Switching compatibility level to `last'.
Class scrlttr2 Info: File `scrsize12pt.clo' used instead of
(scrlttr2)           file `scrsize12.clo' to setup font sizes on input line 183
8.

(/usr/share/texmf-dist/tex/latex/koma-script/scrsize12pt.clo
File: scrsize12pt.clo 2019/02/01 v3.26b KOMA-Script font size class option (12p
t)
)
(/usr/share/texmf-dist/tex/latex/koma-script/typearea.sty
Package: typearea 2019/02/01 v3.26b KOMA-Script package (type area)
\ta@bcor=\skip41
\ta@div=\count80
Package typearea Info: Switching compatibility level to `last'.
\ta@hblk=\skip42
\ta@vblk=\skip43
\ta@temp=\skip44
\footheight=\skip45
Package typearea Info: These are the values describing the layout:
(typearea)             DIV  = 12
(typearea)             BCOR = 0.0pt
(typearea)             \paperwidth      = 597.50793pt
(typearea)              \textwidth      = 448.13095pt
(typearea)              DIV departure   = -6%
(typearea)              \evensidemargin = 2.4185pt
(typearea)              \oddsidemargin  = 2.4185pt
(typearea)             \paperheight     = 845.04694pt
(typearea)              \textheight     = 635.5pt
(typearea)              \topmargin      = -41.72441pt
(typearea)              \headheight     = 18.125pt
(typearea)              \headsep        = 21.75pt
(typearea)              \topskip        = 12.0pt
(typearea)              \footskip       = 50.75pt
(typearea)              \baselineskip   = 14.5pt
(typearea)              on input line 1715.
)
\c@letter=\count81
)
Class scrlttr2 Info: Letter-Class-Option `DIN' loaded on input line 4.

(/usr/share/texmf-dist/tex/latex/koma-script/DIN.lco
File: DIN.lco 2019/02/01 v3.26b KOMA-Script letter-class-option
)
(/usr/share/texmf-dist/tex/generic/babel/babel.sty
Package: babel 2019/04/03 3.29 The Babel package

(/usr/share/texmf-dist/tex/generic/babel/switch.def
File: switch.def 2019/04/03 3.29 Babel switching mechanism
)
(/usr/share/texmf-dist/tex/generic/babel-german/ngerman.ldf
Language: ngerman 2018/12/08 v2.11 German support for babel (post-1996 orthogra
phy)

(/usr/share/texmf-dist/tex/generic/babel-german/ngermanb.ldf
Language: ngermanb 2018/12/08 v2.11 German support for babel (post-1996 orthogr
aphy)

(/usr/share/texmf-dist/tex/generic/babel/babel.def
File: babel.def 2019/04/03 3.29 Babel common definitions
\babel@savecnt=\count82
\U@D=\dimen102

(/usr/share/texmf-dist/tex/generic/babel/txtbabel.def)
\bbl@dirlevel=\count83
)
Package babel Info: Making " an active character on input line 121.
)))
No file minimal.aux.
\openout1 = `minimal.aux'.

LaTeX Font Info:    Checking defaults for OML/cmm/m/it on input line 5.
LaTeX Font Info:    ... okay on input line 5.
LaTeX Font Info:    Checking defaults for T1/cmr/m/n on input line 5.
LaTeX Font Info:    ... okay on input line 5.
LaTeX Font Info:    Checking defaults for OT1/cmr/m/n on input line 5.
LaTeX Font Info:    ... okay on input line 5.
LaTeX Font Info:    Checking defaults for OMS/cmsy/m/n on input line 5.
LaTeX Font Info:    ... okay on input line 5.
LaTeX Font Info:    Checking defaults for OMX/cmex/m/n on input line 5.
LaTeX Font Info:    ... okay on input line 5.
LaTeX Font Info:    Checking defaults for U/cmr/m/n on input line 5.
LaTeX Font Info:    ... okay on input line 5.
Class scrlttr2 Info: no date found for language `american'
(scrlttr2)           --> skipped on input line 5.
Class scrlttr2 Info: no date found for language `australien'
(scrlttr2)           --> skipped on input line 5.
Class scrlttr2 Info: no date found for language `british'
(scrlttr2)           --> skipped on input line 5.
Class scrlttr2 Info: no date found for language `canadian'
(scrlttr2)           --> skipped on input line 5.
Class scrlttr2 Info: no date found for language `newzealand'
(scrlttr2)           --> skipped on input line 5.
Class scrlttr2 Info: no date found for language `UKenglish'
(scrlttr2)           --> skipped on input line 5.
Class scrlttr2 Info: no date found for language `ukenglish'
(scrlttr2)           --> skipped on input line 5.
Class scrlttr2 Info: no date found for language `USenglish'
(scrlttr2)           --> skipped on input line 5.
Class scrlttr2 Info: no date found for language `usenglish'
(scrlttr2)           --> skipped on input line 5.
Package scrbase Info: activating ngerman \yourrefname on input line 5.
Package scrbase Info: activating ngerman \yourmailname on input line 5.
Package scrbase Info: activating ngerman \myrefname on input line 5.
Package scrbase Info: activating ngerman \customername on input line 5.
Package scrbase Info: activating ngerman \invoicename on input line 5.
Package scrbase Info: activating ngerman \subjectname on input line 5.
Package scrbase Info: activating ngerman \headfromname on input line 5.
Package scrbase Info: activating ngerman \datename on input line 5.
Package scrbase Info: activating ngerman \phonename on input line 5.
Package scrbase Info: activating ngerman \mobilephonename on input line 5.
Package scrbase Info: activating ngerman \faxname on input line 5.
Package scrbase Info: activating ngerman \emailname on input line 5.
Package scrbase Info: activating ngerman \wwwname on input line 5.
Package scrbase Info: activating ngerman \bankname on input line 5.
Class scrlttr2 Info: no date found for language `german'
(scrlttr2)           --> skipped on input line 5.
Class scrlttr2 Info: no date found for language `austrian'
(scrlttr2)           --> skipped on input line 5.
Class scrlttr2 Info: no date found for language `naustrian'
(scrlttr2)           --> skipped on input line 5.
Class scrlttr2 Info: no date found for language `swissgerman'
(scrlttr2)           --> skipped on input line 5.
Class scrlttr2 Info: no date found for language `nswissgerman'
(scrlttr2)           --> skipped on input line 5.
Class scrlttr2 Info: no date found for language `acadian'
(scrlttr2)           --> skipped on input line 5.
Class scrlttr2 Info: no date found for language `canadien'
(scrlttr2)           --> skipped on input line 5.
Class scrlttr2 Info: no date found for language `francais'
(scrlttr2)           --> skipped on input line 5.
Class scrlttr2 Info: no date found for language `french'
(scrlttr2)           --> skipped on input line 5.
Class scrlttr2 Info: no date found for language `italian'
(scrlttr2)           --> skipped on input line 5.
Class scrlttr2 Info: no date found for language `spanish'
(scrlttr2)           --> skipped on input line 5.
Class scrlttr2 Info: no date found for language `croatian'
(scrlttr2)           --> skipped on input line 5.
Class scrlttr2 Info: no date found for language `dutch'
(scrlttr2)           --> skipped on input line 5.
Class scrlttr2 Info: no date found for language `finnish'
(scrlttr2)           --> skipped on input line 5.
Class scrlttr2 Info: no date found for language `norsk'
(scrlttr2)           --> skipped on input line 5.
Class scrlttr2 Info: no date found for language `swedish'
(scrlttr2)           --> skipped on input line 5.
Class scrlttr2 Info: no date found for language `polish'
(scrlttr2)           --> skipped on input line 5.
Class scrlttr2 Info: no date found for language `czech'
(scrlttr2)           --> skipped on input line 5.
Class scrlttr2 Info: no date found for language `slovak'
(scrlttr2)           --> skipped on input line 5.
Class scrlttr2 Info: trying to activate captions and date
(scrlttr2)           of language `ngerman' on input line 5.
Class scrlttr2 Info: used language is `ngerman'.
(scrlttr2)           Supported languages are: `english', `UKenglish',
(scrlttr2)           `ukenglish', `british', `american', `USenglish',
(scrlttr2)           `usenglish', `australian`,`canadian', `newzealand',
(scrlttr2)           `german', `ngerman', `austrian', `naustrian',
(scrlttr2)           `swissgerman', `nswissgermsn',
(scrlttr2)           `acadian', `canadien', `francais', `french', 
(scrlttr2)           `dutch', `italian', `spanish', `polish',
(scrlttr2)           `croatian', `finnish', `norsk', `swedish',
(scrlttr2)           `czech', `slovak' on input line 5.
Foldmarks: yes
Head of first page
Foot of first page
Address (backaddress, addressee)
LaTeX Font Info:    External font `cmex10' loaded for size
(Font)              <12> on input line 11.
LaTeX Font Info:    External font `cmex10' loaded for size
(Font)              <8> on input line 11.
LaTeX Font Info:    External font `cmex10' loaded for size
(Font)              <6> on input line 11.
Location field: empty
Title: no
Subject: no
[1



{/var/lib/texmf/fonts/map/pdftex/updmap/pdftex.map}] (minimal/minimal.aux)

LaTeX Warning: Label(s) may have changed. Rerun to get cross-references right.

 ) 
Here is how much of TeX's memory you used:
 2107 strings out of 492623
 33232 string characters out of 6135669
 192122 words of memory out of 5000000
 6053 multiletter control sequences out of 15000+600000
 6676 words of font info for 24 fonts, out of 8000000 for 9000
 1141 hyphenation exceptions out of 8191
 41i,8n,46p,279b,241s stack positions out of 5000i,500n,10000p,200000b,80000s
</usr/share/texmf-dist/fonts/type1/public/amsfonts/cm/cmr12.pfb>
Output written on minimal/minimal.pdf (1 page, 17412 bytes).
PDF statistics:
 12 PDF objects out of 1000 (max. 8388607)
 7 compressed objects within 1 object stream
 0 named destinations out of 1000 (max. 500000)
 1 words of extra memory for PDF output out of 10000 (max. 10000000)

